生成启动时间为 2015/8/28 13:47:33。
     1>项目“F:\DragonOS\libSemphella\PT\runner.vcxproj”在节点 3 上(Build 个目标)。
     1>ClCompile:
         C:\Program Files (x86)\Microsoft Visual Studio 12.0\VC\bin\CL.exe /c /ZI /nologo /W3 /WX- /sdl /Od /Oy- /D WIN32 /D _DEBUG /D _CONSOLE /D _UNICODE /D UNICODE /Gm /EHsc /RTC1 /MDd /GS /fp:precise /Zc:wchar_t /Zc:forScope /openmp /Fo"Debug\\" /Fd"Debug\vc120.pdb" /Gd /TP /analyze- /errorReport:prompt libPT.cpp runner.cpp
         libPT.cpp
     1>f:\dragonos\libsemphella\pt\libpt.cpp(16): warning C4305: “初始化”: 从“unsigned int”到“char”截断
     1>f:\dragonos\libsemphella\pt\libpt.cpp(16): warning C4309: “初始化”: 截断常量值
     1>f:\dragonos\libsemphella\pt\libpt.cpp(19): warning C4244: “=”: 从“double”转换到“char”，可能丢失数据
     1>f:\dragonos\libsemphella\pt\libpt.cpp(20): warning C4244: “=”: 从“double”转换到“char”，可能丢失数据
     1>f:\dragonos\libsemphella\pt\libpt.cpp(21): warning C4244: “=”: 从“double”转换到“char”，可能丢失数据
     1>f:\dragonos\libsemphella\pt\libpt.cpp(22): warning C4244: “return”: 从“double”转换到“char”，可能丢失数据
     1>f:\dragonos\libsemphella\pt\libpt.cpp(44): warning C4244: “=”: 从“double”转换到“__int64”，可能丢失数据
     1>f:\dragonos\libsemphella\pt\libpt.cpp(45): warning C4244: “=”: 从“double”转换到“__int64”，可能丢失数据
     1>f:\dragonos\libsemphella\pt\libpt.cpp(46): warning C4244: “=”: 从“double”转换到“__int64”，可能丢失数据
     1>f:\dragonos\libsemphella\pt\libpt.cpp(47): warning C4244: “return”: 从“double”转换到“__int64”，可能丢失数据
     1>f:\dragonos\libsemphella\pt\libpt.cpp(122): warning C4244: “初始化”: 从“double”转换到“int”，可能丢失数据
         正在生成代码...
         正在编译...
         runner.cpp
         正在生成代码...
       Link:
         C:\Program Files (x86)\Microsoft Visual Studio 12.0\VC\bin\link.exe /ERRORREPORT:PROMPT /OUT:"F:\DragonOS\libSemphella\Debug\PT.exe" /INCREMENTAL /NOLOGO kernel32.lib user32.lib gdi32.lib winspool.lib comdlg32.lib advapi32.lib shell32.lib ole32.lib oleaut32.lib uuid.lib odbc32.lib odbccp32.lib /MANIFEST /MANIFESTUAC:"level='asInvoker' uiAccess='false'" /manifest:embed /DEBUG /PDB:"F:\DragonOS\libSemphella\Debug\PT.pdb" /SUBSYSTEM:CONSOLE /TLBID:1 /DYNAMICBASE /NXCOMPAT /IMPLIB:"F:\DragonOS\libSemphella\Debug\PT.lib" /MACHINE:X86 Debug\libPT.obj
         Debug\runner.obj
         Debug\stdafx.obj
         F:\DragonOS\libSemphella\Debug\libSemphella.lib
         runner.vcxproj -> F:\DragonOS\libSemphella\Debug\PT.exe
     1>已完成生成项目“F:\DragonOS\libSemphella\PT\runner.vcxproj”(Build 个目标)的操作。

生成成功。

已用时间 00:00:01.22
