h:\dragonsource\dragonos\win32\libsemphella\debug\vc120.pdb
h:\dragonsource\dragonos\win32\libsemphella\debug\vc120.idb
h:\dragonsource\dragonos\win32\libsemphella\debug\bios.obj
h:\dragonsource\dragonos\win32\libsemphella\debug\crypt.obj
h:\dragonsource\dragonos\win32\libsemphella\debug\debug.obj
h:\dragonsource\dragonos\win32\libsemphella\debug\libsemphella.obj
h:\dragonsource\dragonos\win32\libsemphella\debug\string.obj
h:\dragonsource\dragonos\win32\libsemphella\debug\apd_loader.obj
h:\dragonsource\dragonos\win32\debug\libsemphella.lib
h:\dragonsource\dragonos\win32\debug\libsemphella.exp
h:\dragonsource\dragonos\win32\debug\libsemphella.ilk
h:\dragonsource\dragonos\win32\debug\libsemphella.dll
h:\dragonsource\dragonos\win32\debug\libsemphella.pdb
h:\dragonsource\dragonos\win32\libsemphella\debug\libsemphella.tlog\cl.command.1.tlog
h:\dragonsource\dragonos\win32\libsemphella\debug\libsemphella.tlog\cl.read.1.tlog
h:\dragonsource\dragonos\win32\libsemphella\debug\libsemphella.tlog\cl.write.1.tlog
h:\dragonsource\dragonos\win32\libsemphella\debug\libsemphella.tlog\libsemphella.write.1u.tlog
h:\dragonsource\dragonos\win32\libsemphella\debug\libsemphella.tlog\link.command.1.tlog
h:\dragonsource\dragonos\win32\libsemphella\debug\libsemphella.tlog\link.read.1.tlog
h:\dragonsource\dragonos\win32\libsemphella\debug\libsemphella.tlog\link.write.1.tlog
